[INFO] 11:55:26:849 cpu/(4013:4013): Inicializando panel para cpu, en "/home/utnso/git/tp-2014-2c-rafagadeterror/tpAlternativo/cpu/cpu.log"
[INFO] 11:55:26:858 cpu/(4013:4013): Empieza a estar iddle
[INFO] 11:55:49:570 cpu/(4013:4013): Ejecuta hilo { PID: 1, TID: 1 }
[INFO] 11:55:49:651 cpu/(4013:4013): Instrucción LOAD [A, 65]
[INFO] 11:55:49:651 cpu/(4013:4013): Registros: { A: 65, B: -1245708224, C: -1245708224, D: 892680753, E: 976761914, M: 0, P: 9, S: 1048576, K: 0, I: 1 }
[INFO] 11:55:50:775 cpu/(4013:4013): Instrucción ADDR [A, M]
[INFO] 11:55:50:775 cpu/(4013:4013): Registros: { A: 65, B: -1245708224, C: -1245708224, D: 892680753, E: 976761914, M: 0, P: 15, S: 1048576, K: 0, I: 1 }
[INFO] 11:55:51:775 cpu/(4013:4013): Empieza a estar iddle
[INFO] 11:55:51:819 cpu/(4013:4013): Ejecuta hilo { PID: 1, TID: 1 }
[INFO] 11:55:51:939 cpu/(4013:4013): Instrucción LOAD [B, 5]
[INFO] 11:55:51:939 cpu/(4013:4013): Registros: { A: 65, B: 5, C: -1245708224, D: 892680753, E: 976761914, M: 0, P: 24, S: 1048576, K: 0, I: 1 }
[INFO] 11:55:53:20 cpu/(4013:4013): Instrucción INTE [64]
[INFO] 11:55:53:21 cpu/(4013:4013): Registros: { A: 65, B: 5, C: -1245708224, D: 892680753, E: 976761914, M: 0, P: 32, S: 1048576, K: 0, I: 1 }
[INFO] 11:55:54:21 cpu/(4013:4013): Empieza a estar iddle
[INFO] 11:55:54:23 cpu/(4013:4013): Ejecuta hilo { PID: 1, TID: 0 } en modo kernel
[INFO] 11:55:54:64 cpu/(4013:4013): Instrucción NOPP [NULL]
[INFO] 11:55:54:64 cpu/(4013:4013): Registros: { A: 65, B: 5, C: -1245708224, D: 892680753, E: 976761914, M: 0, P: 68, S: 1048576, K: 1, I: 1 }
[INFO] 11:55:58:67 cpu/(4013:4013): Instrucción INNC [NULL]
[INFO] 11:55:58:68 cpu/(4013:4013): Registros: { A: 65, B: 5, C: -1245708224, D: 892680753, E: 976761914, M: 0, P: 72, S: 1048576, K: 1, I: 1 }
[INFO] 11:55:59:110 cpu/(4013:4013): Instrucción XXXX [NULL]
[INFO] 11:55:59:110 cpu/(4013:4013): Registros: { A: 65, B: 5, C: -1245708224, D: 892680753, E: 976761914, M: 0, P: 76, S: 1048576, K: 1, I: 1 }
[INFO] 11:56:00:110 cpu/(4013:4013): Empieza a estar iddle
[INFO] 11:56:00:115 cpu/(4013:4013): Ejecuta hilo { PID: 1, TID: 1 }
[INFO] 11:56:00:195 cpu/(4013:4013): Instrucción INTE [108]
[INFO] 11:56:00:195 cpu/(4013:4013): Registros: { A: 65, B: 5, C: -1245708224, D: 892680753, E: 976761914, M: 0, P: 40, S: 1048576, K: 0, I: 1 }
[INFO] 11:56:01:195 cpu/(4013:4013): Empieza a estar iddle
[INFO] 11:56:03:12 cpu/(4013:4013): Ejecuta hilo { PID: 1, TID: 0 } en modo kernel
[INFO] 11:56:03:100 cpu/(4013:4013): Instrucción OUTC [NULL]
[INFO] 11:56:03:101 cpu/(4013:4013): Registros: { A: 65, B: 5, C: -1245708224, D: 892680753, E: 976761914, M: 0, P: 112, S: 1048576, K: 1, I: 1 }
[INFO] 11:56:04:140 cpu/(4013:4013): Instrucción NOPP [NULL]
[INFO] 11:56:04:140 cpu/(4013:4013): Registros: { A: 65, B: 5, C: -1245708224, D: 892680753, E: 976761914, M: 0, P: 116, S: 1048576, K: 1, I: 1 }
[INFO] 11:56:05:179 cpu/(4013:4013): Instrucción NOPP [NULL]
[INFO] 11:56:05:179 cpu/(4013:4013): Registros: { A: 65, B: 5, C: -1245708224, D: 892680753, E: 976761914, M: 0, P: 120, S: 1048576, K: 1, I: 1 }
[INFO] 11:56:06:219 cpu/(4013:4013): Instrucción NOPP [NULL]
[INFO] 11:56:06:219 cpu/(4013:4013): Registros: { A: 65, B: 5, C: -1245708224, D: 892680753, E: 976761914, M: 0, P: 124, S: 1048576, K: 1, I: 1 }
[INFO] 11:56:07:260 cpu/(4013:4013): Instrucción NOPP [NULL]
[INFO] 11:56:07:260 cpu/(4013:4013): Registros: { A: 65, B: 5, C: -1245708224, D: 892680753, E: 976761914, M: 0, P: 128, S: 1048576, K: 1, I: 1 }
[INFO] 11:56:08:301 cpu/(4013:4013): Instrucción XXXX [NULL]
[INFO] 11:56:08:301 cpu/(4013:4013): Registros: { A: 65, B: 5, C: -1245708224, D: 892680753, E: 976761914, M: 0, P: 132, S: 1048576, K: 1, I: 1 }
[INFO] 11:56:09:301 cpu/(4013:4013): Empieza a estar iddle
[INFO] 11:56:09:308 cpu/(4013:4013): Ejecuta hilo { PID: 1, TID: 1 }
[INFO] 11:56:09:388 cpu/(4013:4013): Instrucción INCR [A]
[INFO] 11:56:09:388 cpu/(4013:4013): Registros: { A: 66, B: 5, C: -1245708224, D: 892680753, E: 976761914, M: 0, P: 45, S: 1048576, K: 0, I: 1 }
[INFO] 11:56:10:469 cpu/(4013:4013): Instrucción INTE [48]
[INFO] 11:56:10:469 cpu/(4013:4013): Registros: { A: 66, B: 5, C: -1245708224, D: 892680753, E: 976761914, M: 0, P: 53, S: 1048576, K: 0, I: 1 }
[INFO] 11:56:11:469 cpu/(4013:4013): Empieza a estar iddle
[INFO] 11:56:12:12 cpu/(4013:4013): Ejecuta hilo { PID: 1, TID: 0 } en modo kernel
[INFO] 11:56:12:52 cpu/(4013:4013): Instrucción NOPP [NULL]
[INFO] 11:56:12:52 cpu/(4013:4013): Registros: { A: 66, B: 5, C: -1245708224, D: 892680753, E: 976761914, M: 0, P: 52, S: 1048576, K: 1, I: 1 }
[INFO] 11:56:13:91 cpu/(4013:4013): Instrucción NOPP [NULL]
[INFO] 11:56:13:91 cpu/(4013:4013): Registros: { A: 66, B: 5, C: -1245708224, D: 892680753, E: 976761914, M: 0, P: 56, S: 1048576, K: 1, I: 1 }
[INFO] 11:56:52:904 cpu/(4013:4013): Instrucción INNN [NULL]
[INFO] 11:56:52:904 cpu/(4013:4013): Registros: { A: 9, B: 5, C: -1245708224, D: 892680753, E: 976761914, M: 0, P: 60, S: 1048576, K: 1, I: 1 }
[INFO] 11:56:53:945 cpu/(4013:4013): Instrucción XXXX [NULL]
[INFO] 11:56:53:945 cpu/(4013:4013): Registros: { A: 9, B: 5, C: -1245708224, D: 892680753, E: 976761914, M: 0, P: 64, S: 1048576, K: 1, I: 1 }
[INFO] 11:56:54:945 cpu/(4013:4013): Empieza a estar iddle
[INFO] 11:56:54:952 cpu/(4013:4013): Ejecuta hilo { PID: 1, TID: 1 }
[INFO] 11:56:55:35 cpu/(4013:4013): Instrucción INTE [76]
[INFO] 11:56:55:35 cpu/(4013:4013): Registros: { A: 9, B: 5, C: -1245708224, D: 892680753, E: 976761914, M: 0, P: 61, S: 1048576, K: 0, I: 1 }
[INFO] 11:56:56:35 cpu/(4013:4013): Empieza a estar iddle
[INFO] 11:56:57:35 cpu/(4013:4013): Ejecuta hilo { PID: 1, TID: 0 } en modo kernel
[INFO] 11:56:57:75 cpu/(4013:4013): Instrucción NOPP [NULL]
[INFO] 11:56:57:75 cpu/(4013:4013): Registros: { A: 9, B: 5, C: -1245708224, D: 892680753, E: 976761914, M: 0, P: 80, S: 1048576, K: 1, I: 1 }
[INFO] 11:56:58:115 cpu/(4013:4013): Instrucción NOPP [NULL]
[INFO] 11:56:58:115 cpu/(4013:4013): Registros: { A: 9, B: 5, C: -1245708224, D: 892680753, E: 976761914, M: 0, P: 84, S: 1048576, K: 1, I: 1 }
[INFO] 11:56:59:155 cpu/(4013:4013): Instrucción NOPP [NULL]
[INFO] 11:56:59:155 cpu/(4013:4013): Registros: { A: 9, B: 5, C: -1245708224, D: 892680753, E: 976761914, M: 0, P: 88, S: 1048576, K: 1, I: 1 }
[INFO] 11:57:00:195 cpu/(4013:4013): Instrucción NOPP [NULL]
[INFO] 11:57:00:195 cpu/(4013:4013): Registros: { A: 9, B: 5, C: -1245708224, D: 892680753, E: 976761914, M: 0, P: 92, S: 1048576, K: 1, I: 1 }
[INFO] 11:57:01:235 cpu/(4013:4013): Instrucción OUTN [NULL]
[INFO] 11:57:01:235 cpu/(4013:4013): Registros: { A: 9, B: 5, C: -1245708224, D: 892680753, E: 976761914, M: 0, P: 96, S: 1048576, K: 1, I: 1 }
[INFO] 11:57:02:276 cpu/(4013:4013): Instrucción NOPP [NULL]
[INFO] 11:57:02:276 cpu/(4013:4013): Registros: { A: 9, B: 5, C: -1245708224, D: 892680753, E: 976761914, M: 0, P: 100, S: 1048576, K: 1, I: 1 }
[INFO] 11:57:03:315 cpu/(4013:4013): Instrucción NOPP [NULL]
[INFO] 11:57:03:315 cpu/(4013:4013): Registros: { A: 9, B: 5, C: -1245708224, D: 892680753, E: 976761914, M: 0, P: 104, S: 1048576, K: 1, I: 1 }
[INFO] 11:57:04:356 cpu/(4013:4013): Instrucción XXXX [NULL]
[INFO] 11:57:04:356 cpu/(4013:4013): Registros: { A: 9, B: 5, C: -1245708224, D: 892680753, E: 976761914, M: 0, P: 108, S: 1048576, K: 1, I: 1 }
[INFO] 11:57:05:357 cpu/(4013:4013): Empieza a estar iddle
[INFO] 11:57:05:363 cpu/(4013:4013): Ejecuta hilo { PID: 1, TID: 1 }
[INFO] 11:57:05:407 cpu/(4013:4013): Instrucción XXXX [NULL]
[INFO] 11:57:05:407 cpu/(4013:4013): Registros: { A: 9, B: 5, C: -1245708224, D: 892680753, E: 976761914, M: 0, P: 65, S: 1048576, K: 0, I: 1 }
[INFO] 11:57:06:407 cpu/(4013:4013): Empieza a estar iddle
[INFO] 11:57:17:963 cpu/(4013:4013): Ejecuta hilo { PID: 2, TID: 2 }
[INFO] 11:57:18:83 cpu/(4013:4013): Instrucción LOAD [C, -1]
[INFO] 11:57:18:84 cpu/(4013:4013): Registros: { A: 540682547, B: 1986360654, C: -1, D: 1819243374, E: 958931041, M: 0, P: 9, S: 1048576, K: 0, I: 2 }
[INFO] 11:57:19:203 cpu/(4013:4013): Instrucción LOAD [D, 0]
[INFO] 11:57:19:203 cpu/(4013:4013): Registros: { A: 540682547, B: 1986360654, C: -1, D: 0, E: 958931041, M: 0, P: 18, S: 1048576, K: 0, I: 2 }
[INFO] 11:57:20:204 cpu/(4013:4013): Empieza a estar iddle
[INFO] 11:57:20:247 cpu/(4013:4013): Ejecuta hilo { PID: 2, TID: 2 }
[INFO] 11:57:20:367 cpu/(4013:4013): Instrucción LOAD [E, 27]
[INFO] 11:57:20:367 cpu/(4013:4013): Registros: { A: 540682547, B: 1986360654, C: -1, D: 0, E: 27, M: 0, P: 27, S: 1048576, K: 0, I: 2 }
[INFO] 11:57:21:447 cpu/(4013:4013): Instrucción INTE [48]
[INFO] 11:57:21:447 cpu/(4013:4013): Registros: { A: 540682547, B: 1986360654, C: -1, D: 0, E: 27, M: 0, P: 35, S: 1048576, K: 0, I: 2 }
[INFO] 11:57:22:448 cpu/(4013:4013): Empieza a estar iddle
[INFO] 11:57:24:33 cpu/(4013:4013): Ejecuta hilo { PID: 2, TID: 0 } en modo kernel
[INFO] 11:57:24:71 cpu/(4013:4013): Instrucción NOPP [NULL]
[INFO] 11:57:24:71 cpu/(4013:4013): Registros: { A: 540682547, B: 1986360654, C: -1, D: 0, E: 27, M: 0, P: 52, S: 1048576, K: 1, I: 2 }
[INFO] 11:57:25:111 cpu/(4013:4013): Instrucción NOPP [NULL]
[INFO] 11:57:25:111 cpu/(4013:4013): Registros: { A: 540682547, B: 1986360654, C: -1, D: 0, E: 27, M: 0, P: 56, S: 1048576, K: 1, I: 2 }
[INFO] 11:57:30:200 cpu/(4013:4013): Instrucción INNN [NULL]
[INFO] 11:57:30:200 cpu/(4013:4013): Registros: { A: 1022, B: 1986360654, C: -1, D: 0, E: 27, M: 0, P: 60, S: 1048576, K: 1, I: 2 }
[INFO] 11:57:31:239 cpu/(4013:4013): Instrucción XXXX [NULL]
[INFO] 11:57:31:239 cpu/(4013:4013): Registros: { A: 1022, B: 1986360654, C: -1, D: 0, E: 27, M: 0, P: 64, S: 1048576, K: 1, I: 2 }
[INFO] 11:57:32:240 cpu/(4013:4013): Empieza a estar iddle
[INFO] 11:57:32:243 cpu/(4013:4013): Ejecuta hilo { PID: 2, TID: 2 }
[INFO] 11:57:32:363 cpu/(4013:4013): Instrucción MOVR [B, A]
[INFO] 11:57:32:363 cpu/(4013:4013): Registros: { A: 1022, B: 1022, C: -1, D: 0, E: 27, M: 0, P: 41, S: 1048576, K: 0, I: 2 }
[INFO] 11:57:33:491 cpu/(4013:4013): Instrucción COMP [A, C]
[INFO] 11:57:33:491 cpu/(4013:4013): Registros: { A: 0, B: 1022, C: -1, D: 0, E: 27, M: 0, P: 47, S: 1048576, K: 0, I: 2 }
[INFO] 11:57:34:492 cpu/(4013:4013): Empieza a estar iddle
[INFO] 11:57:34:536 cpu/(4013:4013): Ejecuta hilo { PID: 2, TID: 2 }
[INFO] 11:57:34:615 cpu/(4013:4013): Instrucción JPNZ [81]
[INFO] 11:57:34:615 cpu/(4013:4013): Registros: { A: 0, B: 1022, C: -1, D: 0, E: 27, M: 0, P: 55, S: 1048576, K: 0, I: 2 }
[INFO] 11:57:35:736 cpu/(4013:4013): Instrucción ADDR [D, B]
[INFO] 11:57:35:736 cpu/(4013:4013): Registros: { A: 1022, B: 1022, C: -1, D: 0, E: 27, M: 0, P: 61, S: 1048576, K: 0, I: 2 }
[INFO] 11:57:36:737 cpu/(4013:4013): Empieza a estar iddle
[INFO] 11:57:36:780 cpu/(4013:4013): Ejecuta hilo { PID: 2, TID: 2 }
[INFO] 11:57:36:912 cpu/(4013:4013): Instrucción MOVR [D, A]
[INFO] 11:57:36:912 cpu/(4013:4013): Registros: { A: 1022, B: 1022, C: -1, D: 1022, E: 27, M: 0, P: 67, S: 1048576, K: 0, I: 2 }
[INFO] 11:57:38:71 cpu/(4013:4013): Instrucción PUSH [4, B]
[INFO] 11:57:38:71 cpu/(4013:4013): Registros: { A: 1022, B: 1022, C: -1, D: 1022, E: 27, M: 0, P: 76, S: 1048580, K: 0, I: 2 }
[INFO] 11:57:39:72 cpu/(4013:4013): Empieza a estar iddle
[INFO] 11:57:39:117 cpu/(4013:4013): Ejecuta hilo { PID: 2, TID: 2 }
[INFO] 11:57:39:195 cpu/(4013:4013): Instrucción GOTO [E]
[INFO] 11:57:39:195 cpu/(4013:4013): Registros: { A: 1022, B: 1022, C: -1, D: 1022, E: 27, M: 0, P: 27, S: 1048580, K: 0, I: 2 }
[INFO] 11:57:40:275 cpu/(4013:4013): Instrucción INTE [48]
[INFO] 11:57:40:275 cpu/(4013:4013): Registros: { A: 1022, B: 1022, C: -1, D: 1022, E: 27, M: 0, P: 35, S: 1048580, K: 0, I: 2 }
[INFO] 11:57:41:276 cpu/(4013:4013): Empieza a estar iddle
[INFO] 11:57:42:36 cpu/(4013:4013): Ejecuta hilo { PID: 2, TID: 0 } en modo kernel
[INFO] 11:57:42:75 cpu/(4013:4013): Instrucción NOPP [NULL]
[INFO] 11:57:42:75 cpu/(4013:4013): Registros: { A: 1022, B: 1022, C: -1, D: 1022, E: 27, M: 0, P: 52, S: 1048576, K: 1, I: 2 }
[INFO] 11:57:43:115 cpu/(4013:4013): Instrucción NOPP [NULL]
[INFO] 11:57:43:115 cpu/(4013:4013): Registros: { A: 1022, B: 1022, C: -1, D: 1022, E: 27, M: 0, P: 56, S: 1048576, K: 1, I: 2 }
[INFO] 11:58:22:455 cpu/(4013:4013): Instrucción INNN [NULL]
[INFO] 11:58:22:455 cpu/(4013:4013): Registros: { A: 135078664, B: 1022, C: -1, D: 1022, E: 27, M: 0, P: 60, S: 1048576, K: 1, I: 2 }
